<?xml version="1.0" encoding="UTF-8"?>
<testsuite name="IAM::IamManager" skipped="0" failures="1" errors="0" tests="1" assertions="1" time="0.1656932850019075">
  <testcase name="test_邮箱账号前后带空格输入测试 IAM_F_SysManager_017" classname="IAM::IamManager" assertions="1" time="0.1656932850019075">
    <failure type="test_邮箱账号前后带空格输入测试 IAM_F_SysManager_017" message="添加超级管理员 sysManager017@zhilutec.com 失败!....">
Failure:
test_邮箱账号前后带空格输入测试 IAM_F_SysManager_017(IAM::IamManager) [(eval):33]:
添加超级管理员 sysManager017@zhilutec.com 失败!.
Expected: # encoding: UTF-8
"5003"
  Actual: # encoding: UTF-8
"5006"
    </failure>
  </testcase>
</testsuite>
