<?xml version="1.0" encoding="UTF-8"?>
<testsuite name="IAM::IamManager" skipped="0" failures="1" errors="0" tests="1" assertions="2" time="0.8689083690114785">
  <testcase name="test_邮箱账号格式不规范输入测试 IAM_F_SysManager_015" classname="IAM::IamManager" assertions="2" time="0.8689083690114785">
    <failure type="test_邮箱账号格式不规范输入测试 IAM_F_SysManager_015" message="784: unexpected token at '&lt;!DOCTYPE html PUBLIC &quot;-//W3C//DTD XHTML 1.0 Transitional//EN&quot; &quot;http://www.w3.org/TR/xhtml1/DTD/xhtml1-transitional.dtd&quot;&gt;...">
Failure:
test_邮箱账号格式不规范输入测试 IAM_F_SysManager_015(IAM::IamManager) [iam_manager_single.rb:85]:
784: unexpected token at '&lt;!DOCTYPE html PUBLIC "-//W3C//DTD XHTML 1.0 Transitional//EN" "http://www.w3.org/TR/xhtml1/DTD/xhtml1-transitional.dtd"&gt;
&lt;html xmlns="http://www.w3.org/1999/xhtml"&gt;&lt;head&gt;
&lt;meta content="text/html; charset=utf-8" http-equiv="Content-Type"&gt;
&lt;title&gt;系统发生错误&lt;/title&gt;
&lt;style type="text/css"&gt;
*{ padding: 0; margin: 0; }
html{ overflow-y: scroll; }
body{ background: #fff; font-family: '微软雅黑'; color: #333; font-size: 16px; }
img{ border: 0; }
.error{ padding: 24px 48px; }
.face{ font-size: 100px; font-weight: normal; line-height: 120px; margin-bottom: 12px; }
h1{ font-size: 32px; line-height: 48px; }
.error .content{ padding-top: 10px}
.error .info{ margin-bottom: 12px; }
.error .info .title{ margin-bottom: 3px; }
.error .info .title h3{ color: #000; font-weight: 700; font-size: 16px; }
.error .info .text{ line-height: 24px; }
.copyright{ padding: 12px 48px; color: #999; }
.copyright a{ color: #000; text-decoration: none; }
&lt;/style&gt;
&lt;/head&gt;
&lt;body&gt;
&lt;div class="error"&gt;
&lt;p class="face"&gt;:(&lt;/p&gt;
&lt;h1&gt;1146:Table 'iam3.zl_user_system_tbl' doesn't exist
 [ SQL语句 ] : SELECT COUNT(*) AS tp_count FROM `zl_user_system_tbl` INNER JOIN zl_auth_group a on zl_user_system_tbl.role_code = a.id  WHERE `name` LIKE '%zhilu123@@zhilutec\\.com%' LIMIT 1  &lt;/h1&gt;
&lt;div class="content"&gt;
	&lt;div class="info"&gt;
		&lt;div class="title"&gt;
			&lt;h3&gt;错误位置&lt;/h3&gt;
		&lt;/div&gt;
		&lt;div class="text"&gt;
			&lt;p&gt;FILE: /var/www/html/zlapi/ThinkPHP/Library/Think/Db/Driver.class.php &amp;#12288;LINE: 350&lt;/p&gt;
		&lt;/div&gt;
	&lt;/div&gt;
	&lt;div class="info"&gt;
		&lt;div class="title"&gt;
			&lt;h3&gt;TRACE&lt;/h3&gt;
		&lt;/div&gt;
		&lt;div class="text"&gt;
			&lt;p&gt;#0 /var/www/html/zlapi/ThinkPHP/Library/Think/Db/Driver.class.php(350): E('1146:Table 'iam...')&lt;br /&gt;
#1 /var/www/html/zlapi/ThinkPHP/Library/Think/Db/Driver.class.php(180): Think\Db\Driver-&gt;error()&lt;br /&gt;
#2 /var/www/html/zlapi/ThinkPHP/Library/Think/Db/Driver.class.php(946): Think\Db\Driver-&gt;query('SELECT COUNT(*)...', false)&lt;br /&gt;
#3 /var/www/html/zlapi/ThinkPHP/Library/Think/Model.class.php(970): Think\Db\Driver-&gt;select(Array)&lt;br /&gt;
#4 /var/www/html/zlapi/ThinkPHP/Library/Think/Model.class.php(227): Think\Model-&gt;getField('COUNT(*) AS tp_...')&lt;br /&gt;
#5 /var/www/html/zlapi/API/iam/Controller/AdminsController.class.php(46): Think\Model-&gt;__call('count', Array)&lt;br /&gt;
#6 /var/www/html/zlapi/API/iam/Controller/AdminsController.class.php(46): Think\Model-&gt;count()&lt;br /&gt;
#7 [internal function]: iam\Controller\AdminsController-&gt;index()&lt;br /&gt;
#8 /var/www/html/zlapi/ThinkPHP/Library/Think/App.class.php(173): ReflectionMethod-&gt;invoke(Object(iam\Controller\AdminsController))&lt;br /&gt;
#9 /var/www/html/zlapi/ThinkPHP/Library/Think/App.class.php(110): Think\App::invokeAction(Object(iam\Controller\AdminsController), 'index')&lt;br /&gt;
#10 /var/www/html/zlapi/ThinkPHP/Library/Think/App.class.php(204): Think\App::exec()&lt;br /&gt;
#11 /var/www/html/zlapi/ThinkPHP/Library/Think/Think.class.php(120): Think\App::run()&lt;br /&gt;
#12 /var/www/html/zlapi/ThinkPHP/ThinkPHP.php(97): Think\Think::start()&lt;br /&gt;
#13 /var/www/html/zlapi/index.php(25): require('/var/www/html/z...')&lt;br /&gt;
#14 {main}&lt;/p&gt;
		&lt;/div&gt;
	&lt;/div&gt;
&lt;/div&gt;
&lt;/div&gt;
&lt;div class="copyright"&gt;
&lt;p&gt;&lt;a title="官方网站" href="http://www.thinkphp.cn"&gt;ThinkPHP&lt;/a&gt;&lt;sup&gt;3.2.3&lt;/sup&gt; { Fast &amp; Simple OOP PHP Framework } -- [ WE CAN DO IT JUST THINK ]&lt;/p&gt;
&lt;/div&gt;
&lt;/body&gt;
&lt;/html&gt;
'
    </failure>
  </testcase>
</testsuite>
