<?xml version="1.0" encoding="UTF-8"?>
<testsuite name="IAM::IamManager" skipped="0" failures="1" errors="0" tests="1" assertions="5" time="0.7552399310006876">
  <testcase name="test_输入值带空格 IAM_F_Application_020" classname="IAM::IamManager" assertions="5" time="0.7552399310006876">
    <failure type="test_输入值带空格 IAM_F_Application_020" message="创建应用名为'温度控制',简介为'Humidity Control'失败!....">
Failure:
test_输入值带空格 IAM_F_Application_020(IAM::IamManager) [(eval):49]:
创建应用名为'温度控制',简介为'Humidity Control'失败!.
Expected: 1
  Actual: nil
    </failure>
  </testcase>
</testsuite>
