<?xml version="1.0" encoding="UTF-8"?>
<testsuite name="IAM::IamManager" skipped="0" failures="1" errors="0" tests="1" assertions="4" time="0.8385876819957048">
  <testcase name="test_密码输入框带空格 IAM_F_SysManager_040" classname="IAM::IamManager" assertions="4" time="0.8385876819957048">
    <failure type="test_密码输入框带空格 IAM_F_SysManager_040" message="密码为' 123456'应提示失败!....">
Failure:
test_密码输入框带空格 IAM_F_SysManager_040(IAM::IamManager) [(eval):39]:
密码为' 123456'应提示失败!.
Expected: # encoding: UTF-8
"5005"
  Actual: nil
    </failure>
  </testcase>
</testsuite>
