<?xml version="1.0" encoding="UTF-8"?>
<testsuite name="IAM::IamManager" skipped="0" failures="1" errors="0" tests="1" assertions="2" time="0.383366075984668">
  <testcase name="test_删除有下级管理员的管理员 IAM_F_SysManager_106" classname="IAM::IamManager" assertions="2" time="0.383366075984668">
    <failure type="test_删除有下级管理员的管理员 IAM_F_SysManager_106" message="A JSON text must at least contain two octets!">
Failure:
test_删除有下级管理员的管理员 IAM_F_SysManager_106(IAM::IamManager) [iam_manager.rb:62]:
A JSON text must at least contain two octets!
    </failure>
  </testcase>
</testsuite>
