<?xml version="1.0" encoding="UTF-8"?>
<testsuite name="IAM::IamManager" skipped="0" failures="1" errors="0" tests="1" assertions="1" time="0.3770072369952686">
  <testcase name="test_删除创建了应用的超级管理员 IAM_F_SysManager_107" classname="IAM::IamManager" assertions="1" time="0.3770072369952686">
    <failure type="test_删除创建了应用的超级管理员 IAM_F_SysManager_107" message="创建账户klwn101@163.com失败!....">
Failure:
test_删除创建了应用的超级管理员 IAM_F_SysManager_107(IAM::IamManager) [(eval):39]:
创建账户klwn101@163.com失败!.
Expected: 1
  Actual: nil
    </failure>
  </testcase>
</testsuite>
