<?xml version="1.0" encoding="UTF-8"?>
<testsuite name="IAM::IamManager" skipped="0" failures="1" errors="0" tests="1" assertions="1" time="0.10271910599840339">
  <testcase name="test_回调地址输入为空 IAM_F_Application_027" classname="IAM::IamManager" assertions="1" time="0.10271910599840339">
    <failure type="test_回调地址输入为空 IAM_F_Application_027" message="新增一个应用失败!....">
Failure:
test_回调地址输入为空 IAM_F_Application_027(IAM::IamManager) [(eval):29]:
新增一个应用失败!.
Expected: 1
  Actual: nil
    </failure>
  </testcase>
</testsuite>
