<?xml version="1.0" encoding="UTF-8"?>
<testsuite name="IAM::IamManager" skipped="0" failures="1" errors="0" tests="1" assertions="7" time="0.7749583099939628">
  <testcase name="test_修改应用名称输入正常测试 IAM_F_Application_032" classname="IAM::IamManager" assertions="7" time="0.7749583099939628">
    <failure type="test_修改应用名称输入正常测试 IAM_F_Application_032" message="应用名由'你我他niwotah你我他niwotah你我他niwotahai'======&gt;修改为'魔鬼经济学_01ABc'失败!....">
Failure:
test_修改应用名称输入正常测试 IAM_F_Application_032(IAM::IamManager) [(eval):57]:
应用名由'你我他niwotah你我他niwotah你我他niwotahai'======&gt;修改为'魔鬼经济学_01ABc'失败!.
Expected: 1
  Actual: nil
    </failure>
  </testcase>
</testsuite>
