<?xml version="1.0" encoding="UTF-8"?>
<testsuite name="IAM::IamManager" skipped="0" failures="1" errors="0" tests="1" assertions="1" time="0.38084976600657683">
  <testcase name="test_回调地址输入长度范围外测试 IAM_F_Application_029" classname="IAM::IamManager" assertions="1" time="0.38084976600657683">
    <failure type="test_回调地址输入长度范围外测试 IAM_F_Application_029" message="回调地址长度为129返回错误消息不正确!....">
Failure:
test_回调地址输入长度范围外测试 IAM_F_Application_029(IAM::IamManager) [(eval):34]:
回调地址长度为129返回错误消息不正确!.
Expected: # encoding: UTF-8
"\u5E94\u7528\u63D0\u4F9B\u65B9\u4E3A\u7A7A"
  Actual: nil
    </failure>
  </testcase>
</testsuite>
