<?xml version="1.0" encoding="UTF-8"?>
<testsuite name="IAM::IamManager" skipped="0" failures="1" errors="0" tests="1" assertions="1" time="0.16637385699141305">
  <testcase name="test_修改应用名称长度在范围外测试 IAM_F_Application_033" classname="IAM::IamManager" assertions="1" time="0.16637385699141305">
    <failure type="test_修改应用名称长度在范围外测试 IAM_F_Application_033" message="新增一个应用失败!....">
Failure:
test_修改应用名称长度在范围外测试 IAM_F_Application_033(IAM::IamManager) [(eval):36]:
新增一个应用失败!.
Expected: 1
  Actual: nil
    </failure>
  </testcase>
</testsuite>
