<?xml version="1.0" encoding="UTF-8"?>
<testsuite name="IAM::IamManager" skipped="0" failures="1" errors="0" tests="1" assertions="3" time="0.4882367329992121">
  <testcase name="test_修改应用名称输入正常测试 IAM_F_Application_032" classname="IAM::IamManager" assertions="3" time="0.4882367329992121">
    <failure type="test_修改应用名称输入正常测试 IAM_F_Application_032" message="应用名由'我要被修改了'======&gt;修改为'1'失败!....">
Failure:
test_修改应用名称输入正常测试 IAM_F_Application_032(IAM::IamManager) [(eval):57]:
应用名由'我要被修改了'======&gt;修改为'1'失败!.
Expected: 1
  Actual: nil
    </failure>
  </testcase>
</testsuite>
