<?xml version="1.0" encoding="UTF-8"?>
<testsuite name="IAM::IamManager" skipped="0" failures="1" errors="0" tests="1" assertions="3" time="0.5690763949969551">
  <testcase name="test_修改应用名称输入正常测试 IAM_F_Application_032" classname="IAM::IamManager" assertions="3" time="0.5690763949969551">
    <failure type="test_修改应用名称输入正常测试 IAM_F_Application_032" message="undefined method `size' for nil:NilClass">
Failure:
test_修改应用名称输入正常测试 IAM_F_Application_032(IAM::IamManager) [iam_manager.rb:62]:
undefined method `size' for nil:NilClass
    </failure>
  </testcase>
</testsuite>
