<?xml version="1.0" encoding="UTF-8"?>
<testsuite name="IAM::IamManager" skipped="0" failures="1" errors="0" tests="1" assertions="5" time="0.7718180840020068">
  <testcase name="test_修改应用名称重复测试 IAM_F_Application_037" classname="IAM::IamManager" assertions="5" time="0.7718180840020068">
    <failure type="test_修改应用名称重复测试 IAM_F_Application_037" message="应用名由'核桃仁'======&gt;修改为'核桃仁'返回错误消息不正确!....">
Failure:
test_修改应用名称重复测试 IAM_F_Application_037(IAM::IamManager) [(eval):51]:
应用名由'核桃仁'======&gt;修改为'核桃仁'返回错误消息不正确!.
Expected: # encoding: UTF-8
"\u5E94\u7528\u540D\u79F0\u683C\u5F0F\u9519\u8BEF"
  Actual: nil
    </failure>
  </testcase>
</testsuite>
