<?xml version="1.0" encoding="UTF-8"?>
<testsuite name="IAM::IamManager" skipped="0" failures="1" errors="0" tests="1" assertions="3" time="0.5449523759998556">
  <testcase name="test_修改应用名称异常输入测试 IAM_F_Application_035" classname="IAM::IamManager" assertions="3" time="0.5449523759998556">
    <failure type="test_修改应用名称异常输入测试 IAM_F_Application_035" message="应用名由'山毛桃'======&gt;修改为'~#%^*()_+{}:&quot;|&lt;&gt;?-=[];'\,./'返回错误消息不正确!....">
Failure:
test_修改应用名称异常输入测试 IAM_F_Application_035(IAM::IamManager) [(eval):54]:
应用名由'山毛桃'======&gt;修改为'~#%^*()_+{}:"|&lt;&gt;?-=[];'\,./'返回错误消息不正确!.
Expected: # encoding: UTF-8
"\u5E94\u7528\u540D\u79F0\u683C\u5F0F\u9519\u8BEF"
  Actual: # encoding: UTF-8
"\u5E94\u7528ID\u4E3A\u7A7A"
    </failure>
  </testcase>
</testsuite>
