<?xml version="1.0" encoding="UTF-8"?>
<testsuite name="IAM::IamManager" skipped="0" failures="1" errors="0" tests="1" assertions="5" time="0.7098147719989356">
  <testcase name="test_修改提供方重复测试 IAM_F_Application_043" classname="IAM::IamManager" assertions="5" time="0.7098147719989356">
    <failure type="test_修改提供方重复测试 IAM_F_Application_043" message="新增一个应用失败!....">
Failure:
test_修改提供方重复测试 IAM_F_Application_043(IAM::IamManager) [(eval):50]:
新增一个应用失败!.
Expected: 1
  Actual: nil
    </failure>
  </testcase>
</testsuite>
