<?xml version="1.0" encoding="UTF-8"?>
<testsuite name="IAM::IamManager" skipped="0" failures="1" errors="0" tests="1" assertions="1" time="0.3668128520002938">
  <testcase name="test_密码正常输入测试 IAM_F_SysManager_079" classname="IAM::IamManager" assertions="1" time="0.3668128520002938">
    <failure type="test_密码正常输入测试 IAM_F_SysManager_079" message="修改手机账户超级管理员密码失败!....">
Failure:
test_密码正常输入测试 IAM_F_SysManager_079(IAM::IamManager) [(eval):32]:
修改手机账户超级管理员密码失败!.
Expected: 1
  Actual: nil
    </failure>
  </testcase>
</testsuite>
