<?xml version="1.0" encoding="UTF-8"?>
<testsuite name="IAM::IamManager" skipped="0" failures="1" errors="0" tests="1" assertions="1" time="0.8323496969996995">
  <testcase name="test_密码长度在限制范围外 IAM_F_SysManager_080" classname="IAM::IamManager" assertions="1" time="0.8323496969996995">
    <failure type="test_密码长度在限制范围外 IAM_F_SysManager_080" message="密码长度5返回错误消息不正确!....">
Failure:
test_密码长度在限制范围外 IAM_F_SysManager_080(IAM::IamManager) [(eval):34]:
密码长度5返回错误消息不正确!.
Expected: "\u9A8C\u8BC1\u7801\u5931\u6548"
  Actual: "\u5BC6\u7801\u683C\u5F0F\u9519\u8BEF"
    </failure>
  </testcase>
</testsuite>
