<?xml version="1.0" encoding="UTF-8"?>
<testsuite name="IAM::IamManager" skipped="0" failures="1" errors="0" tests="1" assertions="1" time="0.1302660059882328">
  <testcase name="test_应用名称为空 IAM_F_Application_006" classname="IAM::IamManager" assertions="1" time="0.1302660059882328">
    <failure type="test_应用名称为空 IAM_F_Application_006" message="创建的应用名为空返回错误消息不正确!....">
Failure:
test_应用名称为空 IAM_F_Application_006(IAM::IamManager) [(eval):33]:
创建的应用名为空返回错误消息不正确!.
Expected: # encoding: UTF-8
"\u5E94\u7528\u540D\u79F0\u683C\u5F0F\u9519\u8BEF"
  Actual: # encoding: UTF-8
"\u5E94\u7528\u540D\u79F0\u4E3A\u7A7A"
    </failure>
  </testcase>
</testsuite>
