<?xml version="1.0" encoding="UTF-8"?>
<testsuite name="IAM::IamManager" skipped="0" failures="1" errors="0" tests="1" assertions="4" time="0.8219036930240691">
  <testcase name="test_输入为空点击查询 IAM_F_SysManager_139" classname="IAM::IamManager" assertions="4" time="0.8219036930240691">
    <failure type="test_输入为空点击查询 IAM_F_SysManager_139" message="undefined method `[]' for nil:NilClass">
Failure:
test_输入为空点击查询 IAM_F_SysManager_139(IAM::IamManager) [iam_manager.rb:62]:
undefined method `[]' for nil:NilClass
    </failure>
  </testcase>
</testsuite>
