<?xml version="1.0" encoding="UTF-8"?>
<testsuite name="IAM::IamManager" skipped="0" failures="1" errors="0" tests="1" assertions="1" time="0.25644635999924503">
  <testcase name="test_确认删除已绑定应用的设备 IAM_F_DeviceOperation_046" classname="IAM::IamManager" assertions="1" time="0.25644635999924503">
    <failure type="test_确认删除已绑定应用的设备 IAM_F_DeviceOperation_046" message="新增一个应用失败!....">
Failure:
test_确认删除已绑定应用的设备 IAM_F_DeviceOperation_046(IAM::IamManager) [(eval):32]:
新增一个应用失败!.
Expected: 1
  Actual: nil
    </failure>
  </testcase>
</testsuite>
