<?xml version="1.0" encoding="UTF-8"?>
<testsuite name="IAM::IamManager" skipped="0" failures="1" errors="0" tests="1" assertions="4" time="0.8175425099907443">
  <testcase name="test_确认删除已绑定应用的设备 IAM_F_DeviceOperation_046" classname="IAM::IamManager" assertions="4" time="0.8175425099907443">
    <failure type="test_确认删除已绑定应用的设备 IAM_F_DeviceOperation_046" message="添加设备失败!....">
Failure:
test_确认删除已绑定应用的设备 IAM_F_DeviceOperation_046(IAM::IamManager) [(eval):44]:
添加设备失败!.
Expected: 1
  Actual: nil
    </failure>
  </testcase>
</testsuite>
