<?xml version="1.0" encoding="UTF-8"?>
<testsuite name="IAM::IamManager" skipped="0" failures="1" errors="0" tests="1" assertions="2" time="0.3316252470103791">
  <testcase name="test_用户添加在云平台上不存在的设备 IAM_F_DeviceOperation_039" classname="IAM::IamManager" assertions="2" time="0.3316252470103791">
    <failure type="test_用户添加在云平台上不存在的设备 IAM_F_DeviceOperation_039" message="用户添加设备名称:'zhilutec'失败!....">
Failure:
test_用户添加在云平台上不存在的设备 IAM_F_DeviceOperation_039(IAM::IamManager) [(eval):34]:
用户添加设备名称:'zhilutec'失败!.
Expected: 1
  Actual: nil
    </failure>
  </testcase>
</testsuite>
