<?xml version="1.0" encoding="UTF-8"?>
<testsuite name="IAM::IamManager" skipped="0" failures="1" errors="0" tests="1" assertions="1" time="0.1196878300033859">
  <testcase name="test_管理员修改下级管理员账号信息 IAM_F_SysManager_108" classname="IAM::IamManager" assertions="1" time="0.1196878300033859">
    <failure type="test_管理员修改下级管理员账号信息 IAM_F_SysManager_108" message="undefined method `empty?' for nil:NilClass">
Failure:
test_管理员修改下级管理员账号信息 IAM_F_SysManager_108(IAM::IamManager) [iam_manager.rb:62]:
undefined method `empty?' for nil:NilClass
    </failure>
  </testcase>
</testsuite>
