<?xml version="1.0" encoding="UTF-8"?>
<testsuite name="IAM::IamManager" skipped="0" failures="1" errors="0" tests="1" assertions="4" time="0.8294566010008566">
  <testcase name="test_删除有下级管理员的管理员 IAM_F_SysManager_106" classname="IAM::IamManager" assertions="4" time="0.8294566010008566">
    <failure type="test_删除有下级管理员的管理员 IAM_F_SysManager_106" message="创建账户klwn201@163.com失败!....">
Failure:
test_删除有下级管理员的管理员 IAM_F_SysManager_106(IAM::IamManager) [(eval):46]:
创建账户klwn201@163.com失败!.
Expected: 1
  Actual: nil
    </failure>
  </testcase>
</testsuite>
