<?xml version="1.0" encoding="UTF-8"?>
<testsuite name="IAM::IamManager" skipped="0" failures="1" errors="0" tests="1" assertions="1" time="0.21091568500196445">
  <testcase name="test_管理员修改自身账号信息 IAM_F_SysManager_109" classname="IAM::IamManager" assertions="1" time="0.21091568500196445">
    <failure type="test_管理员修改自身账号信息 IAM_F_SysManager_109" message="添加系统管理员失败!....">
Failure:
test_管理员修改自身账号信息 IAM_F_SysManager_109(IAM::IamManager) [(eval):29]:
添加系统管理员失败!.
Expected: 1
  Actual: nil
    </failure>
  </testcase>
</testsuite>
