<?xml version="1.0" encoding="UTF-8"?>
<testsuite name="IAM::IamManager" skipped="0" failures="1" errors="0" tests="1" assertions="3" time="0.6999394739996205">
  <testcase name="test_管理员修改下级管理员账号信息 IAM_F_SysManager_108" classname="IAM::IamManager" assertions="3" time="0.6999394739996205">
    <failure type="test_管理员修改下级管理员账号信息 IAM_F_SysManager_108" message="A JSON text must at least contain two octets!">
Failure:
test_管理员修改下级管理员账号信息 IAM_F_SysManager_108(IAM::IamManager) [iam_manager.rb:62]:
A JSON text must at least contain two octets!
    </failure>
  </testcase>
</testsuite>
