<?xml version="1.0" encoding="UTF-8"?>
<testsuite name="IAM::IamManager" skipped="0" failures="1" errors="0" tests="1" assertions="3" time="0.40476002400100697">
  <testcase name="test_删除有下级管理员的管理员 IAM_F_SysManager_106" classname="IAM::IamManager" assertions="3" time="0.40476002400100697">
    <failure type="test_删除有下级管理员的管理员 IAM_F_SysManager_106" message="超级管理员klwn20@163.com创建系统管理员klwn202@163.com失败!....">
Failure:
test_删除有下级管理员的管理员 IAM_F_SysManager_106(IAM::IamManager) [(eval):42]:
超级管理员klwn20@163.com创建系统管理员klwn202@163.com失败!.
Expected: # encoding: UTF-8
"\u6DFB\u52A0\u6210\u529F"
  Actual: nil
    </failure>
  </testcase>
</testsuite>
