<?xml version="1.0" encoding="UTF-8"?>
<testsuite name="IAM::IamManager" skipped="0" failures="1" errors="0" tests="1" assertions="2" time="60.346277385004214">
  <testcase name="test_邮箱账号密码找回 IAM_F_SysManager_085" classname="IAM::IamManager" assertions="2" time="60.346277385004214">
    <failure type="test_邮箱账号密码找回 IAM_F_SysManager_085" message="Net::ReadTimeout">
Failure:
test_邮箱账号密码找回 IAM_F_SysManager_085(IAM::IamManager) [iam_manager.rb:62]:
Net::ReadTimeout
    </failure>
  </testcase>
</testsuite>
