<?xml version="1.0" encoding="UTF-8"?>
<testsuite name="IAM::IamManager" skipped="0" failures="1" errors="0" tests="1" assertions="1" time="0.09615351099637337">
  <testcase name="test_输入不存在的邮箱账号 IAM_F_SysManager_090" classname="IAM::IamManager" assertions="1" time="0.09615351099637337">
    <failure type="test_输入不存在的邮箱账号 IAM_F_SysManager_090" message="使用修改密码后账户登录返回err_code错误!....">
Failure:
test_输入不存在的邮箱账号 IAM_F_SysManager_090(IAM::IamManager) [(eval):24]:
使用修改密码后账户登录返回err_code错误!.
Expected: # encoding: UTF-8
"5001"
  Actual: # encoding: UTF-8
"11004"
    </failure>
  </testcase>
</testsuite>
