<?xml version="1.0" encoding="UTF-8"?>
<testsuite name="IAM::IamManager" skipped="0" failures="1" errors="0" tests="1" assertions="2" time="0.3536651670001447">
  <testcase name="test_邮箱输入为空 IAM_F_SysManager_088" classname="IAM::IamManager" assertions="2" time="0.3536651670001447">
    <failure type="test_邮箱输入为空 IAM_F_SysManager_088" message="使用修改密码后账户登录返回err_code错误!....">
Failure:
test_邮箱输入为空 IAM_F_SysManager_088(IAM::IamManager) [(eval):31]:
使用修改密码后账户登录返回err_code错误!.
Expected: # encoding: UTF-8
"10001"
  Actual: # encoding: UTF-8
"5001"
    </failure>
  </testcase>
</testsuite>
