<?xml version="1.0" encoding="UTF-8"?>
<testsuite name="IAM::IamManager" skipped="0" failures="1" errors="0" tests="1" assertions="6" time="0.40325851101079024">
  <testcase name="test_code有效期测试 IAM_F_OAuth_021" classname="IAM::IamManager" assertions="6" time="0.40325851101079024">
    <failure type="test_code有效期测试 IAM_F_OAuth_021" message="undefined method `empty?' for nil:NilClass">
Failure:
test_code有效期测试 IAM_F_OAuth_021(IAM::IamManager) [iam_manager.rb:75]:
undefined method `empty?' for nil:NilClass
    </failure>
  </testcase>
</testsuite>
