<?xml version="1.0" encoding="UTF-8"?>
<testsuite name="IAM::IamManager" skipped="0" failures="1" errors="0" tests="1" assertions="5" time="1.1041199249993952">
  <testcase name="test_添加设备MAC地址大小写适配测试 IAM_F_DeviceOperation_029" classname="IAM::IamManager" assertions="5" time="1.1041199249993952">
    <failure type="test_添加设备MAC地址大小写适配测试 IAM_F_DeviceOperation_029" message="用户添加设备mac'00:88:a2:bb:cc:de'失败!....">
Failure:
test_添加设备MAC地址大小写适配测试 IAM_F_DeviceOperation_029(IAM::IamManager) [(eval):39]:
用户添加设备mac'00:88:a2:bb:cc:de'失败!.
Expected: # encoding: UTF-8
"00:88:A2:BB:CC:DE"
  Actual: # encoding: UTF-8
"00:88:a2:bb:cc:de"
    </failure>
  </testcase>
</testsuite>
