<?xml version="1.0" encoding="UTF-8"?>
<testsuite name="IAM::IamManager" skipped="0" failures="1" errors="0" tests="1" assertions="2" time="0.7457782569999836">
  <testcase name="test_添加设备MAC地址间隔符测试 IAM_F_DeviceOperation_026" classname="IAM::IamManager" assertions="2" time="0.7457782569999836">
    <failure type="test_添加设备MAC地址间隔符测试 IAM_F_DeviceOperation_026" message="用户添加设备mac为‘00-88-00-00-00-01’失败!!....">
Failure:
test_添加设备MAC地址间隔符测试 IAM_F_DeviceOperation_026(IAM::IamManager) [(eval):40]:
用户添加设备mac为‘00-88-00-00-00-01’失败!!.
Expected: 1
  Actual: nil
    </failure>
  </testcase>
</testsuite>
