<?xml version="1.0" encoding="UTF-8"?>
<testsuite name="IAM::IamManager" skipped="0" failures="1" errors="0" tests="1" assertions="1" time="0.5813208170002326">
  <testcase name="test_设备名称输入特殊字符测试 IAM_F_DeviceOperation_033.1" classname="IAM::IamManager" assertions="1" time="0.5813208170002326">
    <failure type="test_设备名称输入特殊字符测试 IAM_F_DeviceOperation_033.1" message="设备名称为'知路TEC_&amp;*(_+~!#$%^\]'返回错误消息不正确!....">
Failure:
test_设备名称输入特殊字符测试 IAM_F_DeviceOperation_033.1(IAM::IamManager) [(eval):34]:
设备名称为'知路TEC_&amp;*(_+~!#$%^\]'返回错误消息不正确!.
Expected: # encoding: UTF-8
"\u8BE5\u8BBE\u5907\u4E3A\u65E0\u6548\u8BBE\u5907"
  Actual: # encoding: UTF-8
"\u8BBE\u5907\u540D\u79F0\u5DF2\u5B58\u5728"
    </failure>
  </testcase>
</testsuite>
