<?xml version="1.0" encoding="UTF-8"?>
<testsuite name="IAM::IamManager" skipped="0" failures="1" errors="0" tests="1" assertions="1" time="0.3955528200021945">
  <testcase name="test_设备名称输入值超出限制范围 IAM_F_DeviceOperation_035" classname="IAM::IamManager" assertions="1" time="0.3955528200021945">
    <failure type="test_设备名称输入值超出限制范围 IAM_F_DeviceOperation_035" message="设备名称为33字符返回错误消息不正确!....">
Failure:
test_设备名称输入值超出限制范围 IAM_F_DeviceOperation_035(IAM::IamManager) [(eval):34]:
设备名称为33字符返回错误消息不正确!.
Expected: # encoding: UTF-8
"\u8BBE\u5907\u540D\u79F0\u4E3A\u7A7A"
  Actual: # encoding: UTF-8
"\u8BBE\u5907MAC\u5DF2\u5B58\u5728"
    </failure>
  </testcase>
</testsuite>
