<?xml version="1.0" encoding="UTF-8"?>
<testsuite name="IAM::IamManager" skipped="0" failures="1" errors="0" tests="1" assertions="3" time="0.9086789259999932">
  <testcase name="test_添加设备MAC地址带空格测试 IAM_F_DeviceOperation_030" classname="IAM::IamManager" assertions="3" time="0.9086789259999932">
    <failure type="test_添加设备MAC地址带空格测试 IAM_F_DeviceOperation_030" message="用户添加设备mac' 00:88:A1:BB:CC:DD'失败!....">
Failure:
test_添加设备MAC地址带空格测试 IAM_F_DeviceOperation_030(IAM::IamManager) [(eval):37]:
用户添加设备mac' 00:88:A1:BB:CC:DD'失败!.
Expected: # encoding: UTF-8
" 00:88:A1:BB:CC:DD"
  Actual: # encoding: UTF-8
"00:88:A1:BB:CC:DD"
    </failure>
  </testcase>
</testsuite>
