<?xml version="1.0" encoding="UTF-8"?>
<testsuite name="IAM::IamManager" skipped="0" failures="1" errors="0" tests="1" assertions="2" time="0.40084531900356524">
  <testcase name="test_邮箱账号异常输入测试 IAM_F_SysManager_016" classname="IAM::IamManager" assertions="2" time="0.40084531900356524">
    <failure type="test_邮箱账号异常输入测试 IAM_F_SysManager_016" message="undefined method `empty?' for nil:NilClass">
Failure:
test_邮箱账号异常输入测试 IAM_F_SysManager_016(IAM::IamManager) [iam_manager_single.rb:85]:
undefined method `empty?' for nil:NilClass
    </failure>
  </testcase>
</testsuite>
