<?xml version="1.0" encoding="UTF-8"?>
<testsuite name="IAM::IamManager" skipped="0" failures="1" errors="0" tests="1" assertions="4" time="0.6499835860013263">
  <testcase name="test_输入值超出限制范围 IAM_F_SysManager_132" classname="IAM::IamManager" assertions="4" time="0.6499835860013263">
    <failure type="test_输入值超出限制范围 IAM_F_SysManager_132" message="系统管理员备注截断后内容不正确定!....">
Failure:
test_输入值超出限制范围 IAM_F_SysManager_132(IAM::IamManager) [(eval):40]:
系统管理员备注截断后内容不正确定!.
Expected: # encoding: UTF-8
"\u767D\u65E5\u4F9D\u5C71\u5C3D\uFF0C\u9EC4\u6CB3\u5165\u6D77\u6D41\uFF0C\u6B32\u7A77\u5343\u91CC\u76EE\uFF0C\u66F4\u4E0A\u4E00\u5C42\u697C\uFF0C\u884C\u5230\u6C34\u7A77\u5904\uFF0C\u5750\u770B\u4E91\u8D77\u65F6\u3002\u767D\u65E5\u4F9D\u5C71\u5C3D\uFF0C\u9EC4\u6CB3\u5165\u6D77\u6D41\uFF0C\u6B32\u7A77\u5343\u91CC\u76EE\uFF0C\u66F4\u4E0A\u4E00\u5C42\u697C\uFF0C\u884C\u5230\u6C34\u7A77\u5904\uFF0C\u5750\u770B\u4E91\u8D77\u65F6\u3002\u767D\u65E5\u4F9D\u5C71\u5C3D\uFF0C\u9EC4\u6CB3\u5165\u6D77\u6D41\uFF0C\u6B32\u7A77\u5343\u91CC\u76EE\uFF0C\u66F4\u4E0A\u4E00\u5C42\u697C\uFF0C\u884C\u5230\u6C34\u7A77\u5904\uFF0C\u5750\u770B\u4E91\u8D77\u65F6\u3002\u767D\u65E5\u4F9D\u5C71\u5C3D\uFF0C\u9EC4\u6CB3\u5165\u6D77\u6D41\uFF0C\u6B32\u7A77\u5343\u91CC\u76EE\uFF0C\u66F4\u4E0A\u4E00\u5C42\u697C\uFF0C\u884C\u5230\u6C34\u7A77\u5904\uFF0C\u5750\u770B\u4E91\u8D77\u65F6\u3002\u767D\u65E5\u4F9D\u5C71\u5C3D\uFF0C\u9EC4\u6CB3\u5165\u6D77\u6D41\uFF0C\u6B32\u7A77\u5343\u91CC\u76EE\uFF0C\u66F4\u4E0A\u4E00\u5C42\u697C\uFF0C\u884C\u5230\u6C34\u7A77\u5904\uFF0C\u5750\u770B\u4E91\u8D77\u65F6\u3002\u767D\u65E5\u4F9D\u5C71\u5C3D\uFF0C\u9EC4\u6CB3\u5165\u6D77\u6D41\uFF0C\u6B32\u7A77\u5343\u91CC\u76EE\uFF0C\u66F4\u4E0A\u4E00\u5C42\u697C\uFF0C\u884C\u5230\u6C34\u7A77\u5904\uFF0C\u5750\u770B\u4E91\u8D77\u65F6\u3002\u767D\u65E5\u4F9D\u5C71\u5C3D\uFF0C\u9EC4\u6CB3\u5165\u6D77\u6D41\uFF0C\u6B32\u7A77\u5343\u91CC\u76EE\uFF0C\u66F4\u4E0A\u4E00\u5C42\u697C\uFF0C\u884C\u5230\u6C34\u7A77\u5904\uFF0C\u5750\u770B\u4E91\u8D77"
  Actual: nil
    </failure>
  </testcase>
</testsuite>
