<?xml version="1.0" encoding="UTF-8"?>
<testsuite name="Frame::WebTestSystem" skipped="0" failures="0" errors="3" tests="3" assertions="3" time="54.359581000000006">
  <testcase name="test_登录功能测试 ZLBF_21.1.36" classname="Frame::WebTestSystem" assertions="1" time="18.187792">
    <error type="test_登录功能测试 ZLBF_21.1.36" message="Errno::ENOENT: No such file or directory - E:/Automation/frame_test/reports/system...">
Failure:
test_登录功能测试 ZLBF_21.1.36(Frame::WebTestSystem) [C:/Ruby193/lib/ruby/gems/1.9.1/gems/htmltags-1.1.5/lib/htmltags/reporter.rb:52]:
Errno::ENOENT: No such file or directory - E:/Automation/frame_test/reports/system
    C:/Ruby193/lib/ruby/gems/1.9.1/gems/htmltags-1.1.5/lib/htmltags/reporter.rb:52:in `mkdir'
    C:/Ruby193/lib/ruby/gems/1.9.1/gems/htmltags-1.1.5/lib/htmltags/reporter.rb:52:in `stdio'
    frame_system.rb:91:in `block (3 levels) in &lt;class:WebTestSystem&gt;'
    </error>
  </testcase>
  <testcase name="test_默认密码测试 ZLBF_21.1.34" classname="Frame::WebTestSystem" assertions="1" time="18.264372">
    <error type="test_默认密码测试 ZLBF_21.1.34" message="Errno::ENOENT: No such file or directory - E:/Automation/frame_test/reports/system...">
Failure:
test_默认密码测试 ZLBF_21.1.34(Frame::WebTestSystem) [C:/Ruby193/lib/ruby/gems/1.9.1/gems/htmltags-1.1.5/lib/htmltags/reporter.rb:52]:
Errno::ENOENT: No such file or directory - E:/Automation/frame_test/reports/system
    C:/Ruby193/lib/ruby/gems/1.9.1/gems/htmltags-1.1.5/lib/htmltags/reporter.rb:52:in `mkdir'
    C:/Ruby193/lib/ruby/gems/1.9.1/gems/htmltags-1.1.5/lib/htmltags/reporter.rb:52:in `stdio'
    frame_system.rb:91:in `block (3 levels) in &lt;class:WebTestSystem&gt;'
    </error>
  </testcase>
  <testcase name="test_注销功能测试 ZLBF_21.1.40" classname="Frame::WebTestSystem" assertions="1" time="17.907417">
    <error type="test_注销功能测试 ZLBF_21.1.40" message="Errno::ENOENT: No such file or directory - E:/Automation/frame_test/reports/system...">
Failure:
test_注销功能测试 ZLBF_21.1.40(Frame::WebTestSystem) [C:/Ruby193/lib/ruby/gems/1.9.1/gems/htmltags-1.1.5/lib/htmltags/reporter.rb:52]:
Errno::ENOENT: No such file or directory - E:/Automation/frame_test/reports/system
    C:/Ruby193/lib/ruby/gems/1.9.1/gems/htmltags-1.1.5/lib/htmltags/reporter.rb:52:in `mkdir'
    C:/Ruby193/lib/ruby/gems/1.9.1/gems/htmltags-1.1.5/lib/htmltags/reporter.rb:52:in `stdio'
    frame_system.rb:91:in `block (3 levels) in &lt;class:WebTestSystem&gt;'
    </error>
  </testcase>
</testsuite>
