<?xml version="1.0" encoding="UTF-8"?>
<testsuite name="Frame::WebTestInternet" skipped="0" failures="1" errors="0" tests="2" assertions="45" time="475.251541">
  <testcase name="test_MAC过滤-开关为关闭 ZLBF_28.1.2" classname="Frame::WebTestInternet" assertions="24" time="245.397158">
  </testcase>
  <testcase name="test_MAC过滤-开关为开启 ZLBF_28.1.1" classname="Frame::WebTestInternet" assertions="21" time="229.854383">
    <failure type="test_MAC过滤-开关为开启 ZLBF_28.1.1" message="过滤有线客户端导致WIFI客户端也无法连接外网">
Failure:
test_MAC过滤-开关为开启 ZLBF_28.1.1(Frame::WebTestInternet) [(eval):186]:
过滤有线客户端导致WIFI客户端也无法连接外网
    </failure>
  </testcase>
</testsuite>
