<?xml version="1.0" encoding="UTF-8"?>
<testsuite name="Frame::WebTestInternet" skipped="0" failures="1" errors="0" tests="1" assertions="28" time="294.834872">
  <testcase name="test_MAC过滤-规则删除 ZLBF_28.1.4" classname="Frame::WebTestInternet" assertions="28" time="294.834872">
    <failure type="test_MAC过滤-规则删除 ZLBF_28.1.4" message="所有过滤规则删除后，PC2进行TCP连接失败">
Failure:
test_MAC过滤-规则删除 ZLBF_28.1.4(Frame::WebTestInternet) [(eval):229]:
所有过滤规则删除后，PC2进行TCP连接失败
    </failure>
  </testcase>
</testsuite>
