<?xml version="1.0" encoding="UTF-8"?>
<testsuite name="IAM::IamManager" skipped="0" failures="1" errors="0" tests="1" assertions="1" time="0.14429871301399544">
  <testcase name="test_输入不存在的手机账号 IAM_F_SysManager_074" classname="IAM::IamManager" assertions="1" time="0.14429871301399544">
    <failure type="test_输入不存在的手机账号 IAM_F_SysManager_074" message="不存在手机号获取验证码返回错误消息不正确!....">
Failure:
test_输入不存在的手机账号 IAM_F_SysManager_074(IAM::IamManager) [(eval):24]:
不存在手机号获取验证码返回错误消息不正确!.
Expected: # encoding: UTF-8
"\u9A8C\u8BC1\u7801\u9519\u8BEF\u6216\u5DF2\u5931\u6548"
  Actual: # encoding: UTF-8
"\u624B\u673A\u9A8C\u8BC1\u7801\u53D1\u9001\u5931\u8D25"
    </failure>
  </testcase>
</testsuite>
