<?xml version="1.0" encoding="UTF-8"?>
<testsuite name="IAM::IamManager" skipped="0" failures="1" errors="0" tests="1" assertions="1" time="0.11822052102070302">
  <testcase name="test_输入空的验证码 IAM_F_SysManager_075" classname="IAM::IamManager" assertions="1" time="0.11822052102070302">
    <failure type="test_输入空的验证码 IAM_F_SysManager_075" message="添加管理员13525468967失败!....">
Failure:
test_输入空的验证码 IAM_F_SysManager_075(IAM::IamManager) [(eval):25]:
添加管理员13525468967失败!.
Expected: 1
  Actual: nil
    </failure>
  </testcase>
</testsuite>
