<?xml version="1.0" encoding="UTF-8"?>
<testsuite name="IAM::IamManager" skipped="0" failures="1" errors="0" tests="1" assertions="2" time="0.44706651801243424">
  <testcase name="test_输入空的验证码 IAM_F_SysManager_075" classname="IAM::IamManager" assertions="2" time="0.44706651801243424">
    <failure type="test_输入空的验证码 IAM_F_SysManager_075" message="验证码为空返回错误消息不正确!....">
Failure:
test_输入空的验证码 IAM_F_SysManager_075(IAM::IamManager) [(eval):34]:
验证码为空返回错误消息不正确!.
Expected: # encoding: UTF-8
"\u5E10\u53F7\u6216\u5BC6\u7801\u9519\u8BEF"
  Actual: # encoding: UTF-8
"\u9A8C\u8BC1\u7801\u5931\u6548"
    </failure>
  </testcase>
</testsuite>
